{"message":"POST /api/unity/userAuth/bd83b23ue83b899e2383b2383n238/U889436 200 84 - 12.977 ms\n- - Time: Thu May 30 2019 21:48:55 GMT+0530 (India Standard Time)","level":"info"}
{"message":"POST /api/unity/userAuth/bd83b23ue83b899e2383b2383n238/U889436 200 84 - 2.251 ms\n- - Time: Thu May 30 2019 21:49:03 GMT+0530 (India Standard Time)","level":"info"}
{"message":"POST /api/unity/userAuth/bd83b23ue83b899e2383b2383n238/U889436 200 84 - 2.197 ms\n- - Time: Thu May 30 2019 21:49:17 GMT+0530 (India Standard Time)","level":"info"}
{"message":"POST /api/unity/userAuth/bd83b23ue83b899e2383b2383n238/U889436 200 84 - 8.050 ms\n- - Time: Thu May 30 2019 21:50:33 GMT+0530 (India Standard Time)","level":"info"}
{"message":"POST /api/unity/userAuth/bd83b23ue83b899e2383b2383n238/U889436 200 224 - 10.611 ms\n- - Time: Thu May 30 2019 21:52:36 GMT+0530 (India Standard Time)","level":"info"}
{"message":"GET /api/unity/getCountryList 200 2 - 4.465 ms\n- - Time: Thu May 30 2019 21:52:46 GMT+0530 (India Standard Time)","level":"info"}
{"message":"GET /api/unity/getAreaslist/ 200 2 - 2.422 ms\n- - Time: Thu May 30 2019 21:52:46 GMT+0530 (India Standard Time)","level":"info"}
{"message":"GET /api/unity/getCountryList 200 7610 - 3.718 ms\n- - Time: Thu May 30 2019 21:59:24 GMT+0530 (India Standard Time)","level":"info"}
{"message":"GET /api/unity/getAreaslist/ 304 - - 1.756 ms\n- - Time: Thu May 30 2019 21:59:24 GMT+0530 (India Standard Time)","level":"info"}
{"message":"GET /api/unity/getStatesOnCountries/100 200 311 - 22.820 ms\n- - Time: Thu May 30 2019 21:59:39 GMT+0530 (India Standard Time)","level":"info"}
{"message":"GET /api/unity/getStatesOnCountries/101 200 1226 - 2.833 ms\n- - Time: Thu May 30 2019 21:59:39 GMT+0530 (India Standard Time)","level":"info"}
{"message":"GET /api/unity/getCitiesOnStates/21 200 12022 - 41.609 ms\n- - Time: Thu May 30 2019 21:59:40 GMT+0530 (India Standard Time)","level":"info"}
{"message":"GET /api/unity/getCitiesOnStates/22 200 12129 - 41.743 ms\n- - Time: Thu May 30 2019 21:59:42 GMT+0530 (India Standard Time)","level":"info"}
{"message":"POST /api/unity/saveAreadetails/ 200 90 - 87.914 ms\n- - Time: Thu May 30 2019 21:59:47 GMT+0530 (India Standard Time)","level":"info"}
{"message":"GET /api/unity/getAreaslist/ 200 196 - 21.898 ms\n- - Time: Thu May 30 2019 21:59:50 GMT+0530 (India Standard Time)","level":"info"}
{"message":"GET /api/unity/getUsersList/ 200 222 - 38.315 ms\n- - Time: Thu May 30 2019 21:59:57 GMT+0530 (India Standard Time)","level":"info"}
{"message":"POST /api/unity/saveUserDetails/ 200 135 - 159.137 ms\n- - Time: Thu May 30 2019 22:00:48 GMT+0530 (India Standard Time)","level":"info"}
{"message":"GET /api/unity/getUsersList/ 200 469 - 1.160 ms\n- - Time: Thu May 30 2019 22:00:51 GMT+0530 (India Standard Time)","level":"info"}
{"message":"POST /api/unity/SaveUserDetailsWIthoutPic/ 200 117 - 59.034 ms\n- - Time: Thu May 30 2019 22:01:59 GMT+0530 (India Standard Time)","level":"info"}
{"message":"GET /api/unity/getUsersList/ 200 470 - 1.138 ms\n- - Time: Thu May 30 2019 22:02:02 GMT+0530 (India Standard Time)","level":"info"}
{"message":"GET /unity/uploads/null 404 157 - 2.121 ms\n- - Time: Thu May 30 2019 22:02:08 GMT+0530 (India Standard Time)","level":"info"}
{"message":"GET /unity/uploads/null 404 157 - 0.213 ms\n- - Time: Thu May 30 2019 22:02:17 GMT+0530 (India Standard Time)","level":"info"}
{"message":"POST /api/unity/userAuth/bd83b23ue83b899e2383b2383n238/U889436 200 224 - 1.893 ms\n- - Time: Thu May 30 2019 22:03:24 GMT+0530 (India Standard Time)","level":"info"}
