{"message":"Sat Jun 01 2019 14:07:12 GMT+0530 (India Standard Time)[Tables Creations-Line: ]-{\"code\":\"ER_PARSE_ERROR\",\"errno\":1064,\"sqlMessage\":\"You have an error in your SQL syntax; check the manual that corresponds to your MariaDB server version for the right syntax to use near 'NOT EXISTS `longitude`  DOUBLE NULL DEFAULT NULL  AFTER `pincode`,  ADD ID NOT E' at line 1\",\"sqlState\":\"42000\",\"index\":1,\"sql\":\"CREATE TABLE IF NOT EXISTS `hotel_master` ( `id` INT NOT NULL AUTO_INCREMENT , `name` VARCHAR(1000) NULL , `address` VARCHAR(5000) NULL , `area` INT NULL , `city` INT NULL , `state` INT NULL , `country` INT NULL , `pincode` VARCHAR(10) NULL , `description` VARCHAR(10000) NULL , `checkin_time` VARCHAR(20) NULL , `checkout_time` VARCHAR(20) NULL , `status` INT NOT NULL DEFAULT '0' , `created_by` INT NULL DEFAULT NULL , `created_date` DATETIME NOT NULL DEFAULT CURRENT_TIMESTAMP , PRIMARY KEY (`id`)) ENGINE = InnoDB;ALTER TABLE `hotel_master`  ADD ID NOT EXISTS `longitude`  DOUBLE NULL DEFAULT NULL  AFTER `pincode`,  ADD ID NOT EXISTS `latitude`  DOUBLE NULL DEFAULT NULL  AFTER `longitude`;ALTER TABLE `hotel_master` ADD ID NOT EXISTS `email`  VARCHAR(2000) NULL DEFAULT NULL AFTER `created_date`, ADD ID NOT EXISTS `mobile1`  BIGINT NULL DEFAULT NULL AFTER `email`, ADD ID NOT EXISTS `mobile2`  BIGINT NULL DEFAULT NULL AFTER `mobile1`, ADD ID NOT EXISTS `landline1`  BIGINT NULL DEFAULT NULL AFTER `mobile2`, ADD ID NOT EXISTS `landline2`  BIGINT NULL DEFAULT NULL AFTER `landline1`;\"}","level":"error"}
{"message":"GET /api/unity/getCountryList 200 75 - 76.470 ms\n- - Time: Sat Jun 01 2019 17:53:23 GMT+0530 (India Standard Time)","level":"info"}
{"message":"GET /api/unity/getCountryList 304 - - 0.991 ms\n- - Time: Sat Jun 01 2019 17:53:41 GMT+0530 (India Standard Time)","level":"info"}
{"message":"POST /api/unity/userAuth/bd83b23ue83b899e2383b2383n238/U889436 200 224 - 302.660 ms\n- - Time: Sat Jun 01 2019 17:54:06 GMT+0530 (India Standard Time)","level":"info"}
{"message":"GET /api/unity/getCountryList 200 7610 - 202.725 ms\n- - Time: Sat Jun 01 2019 17:54:15 GMT+0530 (India Standard Time)","level":"info"}
{"message":"GET /api/unity/getCountryList 304 - - 4.585 ms\n- - Time: Sat Jun 01 2019 17:54:26 GMT+0530 (India Standard Time)","level":"info"}
{"message":"GET /api/unity/getCountryList 304 - - 17.645 ms\n- - Time: Sat Jun 01 2019 17:55:37 GMT+0530 (India Standard Time)","level":"info"}
{"message":"GET /api/unity/getCountryList 304 - - 4.755 ms\n- - Time: Sat Jun 01 2019 17:56:54 GMT+0530 (India Standard Time)","level":"info"}
{"message":"GET /api/unity/getCountryList 304 - - 11.925 ms\n- - Time: Sat Jun 01 2019 17:57:03 GMT+0530 (India Standard Time)","level":"info"}
{"message":"GET /api/unity/getCountryList 304 - - 4.033 ms\n- - Time: Sat Jun 01 2019 17:57:52 GMT+0530 (India Standard Time)","level":"info"}
{"message":"GET /api/unity/getCountryList 304 - - 6.493 ms\n- - Time: Sat Jun 01 2019 17:58:30 GMT+0530 (India Standard Time)","level":"info"}
{"message":"GET /api/unity/getCountryList 304 - - 33.971 ms\n- - Time: Sat Jun 01 2019 17:58:44 GMT+0530 (India Standard Time)","level":"info"}
{"message":"GET /api/unity/getCountryList 304 - - 4.920 ms\n- - Time: Sat Jun 01 2019 17:59:15 GMT+0530 (India Standard Time)","level":"info"}
{"message":"GET /api/unity/getCountryList 304 - - 3.254 ms\n- - Time: Sat Jun 01 2019 17:59:42 GMT+0530 (India Standard Time)","level":"info"}
{"message":"GET /api/unity/getCountryList 304 - - 2.929 ms\n- - Time: Sat Jun 01 2019 17:59:59 GMT+0530 (India Standard Time)","level":"info"}
{"message":"GET /api/unity/getStatesOnCountries/101 304 - - 106.175 ms\n- - Time: Sat Jun 01 2019 18:00:05 GMT+0530 (India Standard Time)","level":"info"}
{"message":"GET /api/unity/getCitiesOnStates/21 304 - - 214.745 ms\n- - Time: Sat Jun 01 2019 18:00:06 GMT+0530 (India Standard Time)","level":"info"}
{"message":"GET /api/unity/getCitiesOnStates/22 304 - - 47.933 ms\n- - Time: Sat Jun 01 2019 18:00:08 GMT+0530 (India Standard Time)","level":"info"}
{"message":"GET /api/unity/getCountryList 304 - - 5.470 ms\n- - Time: Sat Jun 01 2019 18:00:40 GMT+0530 (India Standard Time)","level":"info"}
{"message":"GET /api/unity/getStatesOnCountries/101 304 - - 5.556 ms\n- - Time: Sat Jun 01 2019 18:00:44 GMT+0530 (India Standard Time)","level":"info"}
{"message":"GET /api/unity/getCitiesOnStates/21 304 - - 46.605 ms\n- - Time: Sat Jun 01 2019 18:00:46 GMT+0530 (India Standard Time)","level":"info"}
{"message":"GET /api/unity/getCitiesOnStates/22 304 - - 24.727 ms\n- - Time: Sat Jun 01 2019 18:00:46 GMT+0530 (India Standard Time)","level":"info"}
{"message":"GET /api/unity/getCountryList 304 - - 2.602 ms\n- - Time: Sat Jun 01 2019 18:02:22 GMT+0530 (India Standard Time)","level":"info"}
{"message":"GET /api/unity/getCountryList 304 - - 2.268 ms\n- - Time: Sat Jun 01 2019 18:02:47 GMT+0530 (India Standard Time)","level":"info"}
{"message":"GET /api/unity/getCountryList 304 - - 3.108 ms\n- - Time: Sat Jun 01 2019 18:03:29 GMT+0530 (India Standard Time)","level":"info"}
