{"message":"POST /api/unity/userAuth/bd83b23ue83b899e2383b2383n238/U889436 200 224 - 27.010 ms\n- - Time: Tue Jun 04 2019 20:06:24 GMT+0530 (India Standard Time)","level":"info"}
{"message":"GET /api/unity/getCountryList 200 2 - 6.922 ms\n- - Time: Tue Jun 04 2019 20:06:42 GMT+0530 (India Standard Time)","level":"info"}
{"message":"GET /api/unity/getAreaslist/ 200 2 - 4.684 ms\n- - Time: Tue Jun 04 2019 20:06:42 GMT+0530 (India Standard Time)","level":"info"}
{"message":"GET /api/unity/getCountryList 200 7610 - 5.462 ms\n- - Time: Tue Jun 04 2019 20:09:23 GMT+0530 (India Standard Time)","level":"info"}
{"message":"GET /api/unity/getAreaslist/ 304 - - 4.150 ms\n- - Time: Tue Jun 04 2019 20:09:24 GMT+0530 (India Standard Time)","level":"info"}
{"message":"GET /api/unity/getStatesOnCountries/101 200 1226 - 5.366 ms\n- - Time: Tue Jun 04 2019 20:09:35 GMT+0530 (India Standard Time)","level":"info"}
{"message":"GET /api/unity/getCitiesOnStates/22 200 12129 - 50.477 ms\n- - Time: Tue Jun 04 2019 20:09:38 GMT+0530 (India Standard Time)","level":"info"}
{"message":"POST /api/unity/saveAreadetails/ 200 90 - 40.993 ms\n- - Time: Tue Jun 04 2019 20:09:52 GMT+0530 (India Standard Time)","level":"info"}
{"message":"GET /api/unity/getAreaslist/ 200 194 - 3.144 ms\n- - Time: Tue Jun 04 2019 20:09:54 GMT+0530 (India Standard Time)","level":"info"}
{"message":"GET /api/unity/getUsersList/ 200 222 - 10.808 ms\n- - Time: Tue Jun 04 2019 20:10:11 GMT+0530 (India Standard Time)","level":"info"}
{"message":"POST /api/unity/SaveUserDetailsWIthoutPic/ 200 135 - 30.360 ms\n- - Time: Tue Jun 04 2019 20:10:53 GMT+0530 (India Standard Time)","level":"info"}
{"message":"GET /api/unity/getUsersList/ 200 442 - 1.303 ms\n- - Time: Tue Jun 04 2019 20:10:57 GMT+0530 (India Standard Time)","level":"info"}
{"message":"GET /api/unity/HotelsList/ 200 2 - 17.343 ms\n- - Time: Tue Jun 04 2019 20:11:19 GMT+0530 (India Standard Time)","level":"info"}
{"message":"GET /api/unity/getCountryList 304 - - 8.911 ms\n- - Time: Tue Jun 04 2019 20:11:21 GMT+0530 (India Standard Time)","level":"info"}
{"message":"GET /api/unity/getStatesOnCountries/101 304 - - 5.665 ms\n- - Time: Tue Jun 04 2019 20:12:24 GMT+0530 (India Standard Time)","level":"info"}
{"message":"GET /api/unity/getCitiesOnStates/22 304 - - 38.296 ms\n- - Time: Tue Jun 04 2019 20:12:31 GMT+0530 (India Standard Time)","level":"info"}
{"message":"GET /api/unity/getAreasOnCity/2827 200 2 - 3.341 ms\n- - Time: Tue Jun 04 2019 20:12:32 GMT+0530 (India Standard Time)","level":"info"}
{"message":"GET /api/unity/getAreasOnCity/2836 200 29 - 2.222 ms\n- - Time: Tue Jun 04 2019 20:12:33 GMT+0530 (India Standard Time)","level":"info"}
{"message":"POST /api/unity/SaveHotelDetails/ 200 102 - 55.562 ms\n- - Time: Tue Jun 04 2019 20:13:32 GMT+0530 (India Standard Time)","level":"info"}
{"message":"POST /api/unity/SaveHotelRoomDetails/ 200 110 - 38.676 ms\n- - Time: Tue Jun 04 2019 20:14:08 GMT+0530 (India Standard Time)","level":"info"}
{"message":"GET /api/unity/HotelsList/ 200 275 - 3.672 ms\n- - Time: Tue Jun 04 2019 20:14:16 GMT+0530 (India Standard Time)","level":"info"}
{"message":"GET /api/unity/getExistingLocations/ 404 170 - 2.670 ms\n- - Time: Tue Jun 04 2019 20:17:51 GMT+0530 (India Standard Time)","level":"info"}
{"message":"GET /api/unity/getExistingLocations/ 404 170 - 0.669 ms\n- - Time: Tue Jun 04 2019 20:17:53 GMT+0530 (India Standard Time)","level":"info"}
{"message":"GET /api/unity/HotelsList/ 304 - - 1.881 ms\n- - Time: Tue Jun 04 2019 20:22:37 GMT+0530 (India Standard Time)","level":"info"}
{"message":"GET /api/unity/HotelsList/ 304 - - 3.267 ms\n- - Time: Tue Jun 04 2019 20:24:26 GMT+0530 (India Standard Time)","level":"info"}
{"message":"GET /api/unity/getCountryList 304 - - 6.471 ms\n- - Time: Tue Jun 04 2019 20:24:28 GMT+0530 (India Standard Time)","level":"info"}
