{"message":"GET /api/unity/getCountryList 304 - - 22.235 ms\n- - Time: Tue Jun 04 2019 15:24:59 GMT+0530 (India Standard Time)","level":"info"}
{"message":"GET /api/unity/getCountryList 304 - - 7.751 ms\n- - Time: Tue Jun 04 2019 15:26:58 GMT+0530 (India Standard Time)","level":"info"}
{"message":"GET /api/unity/getCountryList 304 - - 7.496 ms\n- - Time: Tue Jun 04 2019 15:27:15 GMT+0530 (India Standard Time)","level":"info"}
{"message":"GET /api/unity/HotelsList/ 200 2119 - 27.792 ms\n- - Time: Tue Jun 04 2019 15:27:21 GMT+0530 (India Standard Time)","level":"info"}
{"message":"GET /api/unity/HotelsList/ 304 - - 7.207 ms\n- - Time: Tue Jun 04 2019 15:28:58 GMT+0530 (India Standard Time)","level":"info"}
{"message":"GET /api/unity/HotelsList/ 304 - - 3.854 ms\n- - Time: Tue Jun 04 2019 15:30:38 GMT+0530 (India Standard Time)","level":"info"}
{"message":"GET /api/unity/HotelsList/ 304 - - 2.228 ms\n- - Time: Tue Jun 04 2019 15:31:00 GMT+0530 (India Standard Time)","level":"info"}
{"message":"GET /api/unity/HotelsList/ 304 - - 4.915 ms\n- - Time: Tue Jun 04 2019 15:37:21 GMT+0530 (India Standard Time)","level":"info"}
{"message":"GET /api/unity/HotelsList/ 304 - - 2.215 ms\n- - Time: Tue Jun 04 2019 15:38:06 GMT+0530 (India Standard Time)","level":"info"}
{"message":"GET /api/unity/HotelsList/ 304 - - 6.068 ms\n- - Time: Tue Jun 04 2019 15:40:18 GMT+0530 (India Standard Time)","level":"info"}
{"message":"GET /api/unity/HotelsList/ 304 - - 4.624 ms\n- - Time: Tue Jun 04 2019 15:41:38 GMT+0530 (India Standard Time)","level":"info"}
{"message":"GET /api/unity/HotelsList/ 304 - - 13.974 ms\n- - Time: Tue Jun 04 2019 15:41:44 GMT+0530 (India Standard Time)","level":"info"}
{"message":"GET /api/unity/HotelsList/ 304 - - 2.816 ms\n- - Time: Tue Jun 04 2019 15:41:48 GMT+0530 (India Standard Time)","level":"info"}
{"message":"GET /api/unity/HotelsList/ 304 - - 4.958 ms\n- - Time: Tue Jun 04 2019 15:42:07 GMT+0530 (India Standard Time)","level":"info"}
{"message":"GET /api/unity/HotelsList/ 304 - - 5.970 ms\n- - Time: Tue Jun 04 2019 15:42:47 GMT+0530 (India Standard Time)","level":"info"}
{"message":"GET /api/unity/HotelsList/ 304 - - 3.854 ms\n- - Time: Tue Jun 04 2019 15:43:09 GMT+0530 (India Standard Time)","level":"info"}
{"message":"GET /api/unity/HotelsList/ 304 - - 3.466 ms\n- - Time: Tue Jun 04 2019 15:43:24 GMT+0530 (India Standard Time)","level":"info"}
{"message":"GET /api/unity/HotelsList/ 304 - - 6.554 ms\n- - Time: Tue Jun 04 2019 15:43:44 GMT+0530 (India Standard Time)","level":"info"}
{"message":"GET /api/unity/HotelsList/ 304 - - 3.364 ms\n- - Time: Tue Jun 04 2019 15:45:04 GMT+0530 (India Standard Time)","level":"info"}
{"message":"GET /api/unity/HotelsList/ 304 - - 3.257 ms\n- - Time: Tue Jun 04 2019 15:45:11 GMT+0530 (India Standard Time)","level":"info"}
{"message":"GET /api/unity/HotelsList/ 304 - - 4.928 ms\n- - Time: Tue Jun 04 2019 15:46:04 GMT+0530 (India Standard Time)","level":"info"}
{"message":"GET /api/unity/HotelsList/ 304 - - 1.954 ms\n- - Time: Tue Jun 04 2019 15:46:19 GMT+0530 (India Standard Time)","level":"info"}
{"message":"GET /api/unity/HotelsList/ 304 - - 6.750 ms\n- - Time: Tue Jun 04 2019 15:46:48 GMT+0530 (India Standard Time)","level":"info"}
{"message":"GET /api/unity/HotelsList/ 304 - - 4.164 ms\n- - Time: Tue Jun 04 2019 15:47:21 GMT+0530 (India Standard Time)","level":"info"}
{"message":"GET /api/unity/HotelsList/ 304 - - 10.820 ms\n- - Time: Tue Jun 04 2019 15:53:05 GMT+0530 (India Standard Time)","level":"info"}
{"message":"GET /api/unity/HotelsList/ 304 - - 3.127 ms\n- - Time: Tue Jun 04 2019 15:53:30 GMT+0530 (India Standard Time)","level":"info"}
{"message":"GET /api/unity/getCountryList 304 - - 8.830 ms\n- - Time: Tue Jun 04 2019 15:55:09 GMT+0530 (India Standard Time)","level":"info"}
{"message":"GET /api/unity/getCountryList 304 - - 3.569 ms\n- - Time: Tue Jun 04 2019 15:55:51 GMT+0530 (India Standard Time)","level":"info"}
{"message":"POST /api/unity/SaveHotelDetails/ 200 102 - 54.164 ms\n- - Time: Tue Jun 04 2019 15:55:58 GMT+0530 (India Standard Time)","level":"info"}
{"message":"GET /api/unity/getCountryList 304 - - 5.641 ms\n- - Time: Tue Jun 04 2019 16:14:37 GMT+0530 (India Standard Time)","level":"info"}
{"message":"GET /api/unity/getCountryList 304 - - 3.859 ms\n- - Time: Tue Jun 04 2019 16:14:51 GMT+0530 (India Standard Time)","level":"info"}
{"message":"GET /api/unity/getCountryList 304 - - 5.402 ms\n- - Time: Tue Jun 04 2019 16:16:15 GMT+0530 (India Standard Time)","level":"info"}
{"message":"GET /api/unity/getCountryList 304 - - 4.090 ms\n- - Time: Tue Jun 04 2019 16:17:13 GMT+0530 (India Standard Time)","level":"info"}
{"message":"GET /api/unity/getCountryList 304 - - 5.999 ms\n- - Time: Tue Jun 04 2019 16:24:00 GMT+0530 (India Standard Time)","level":"info"}
{"message":"GET /api/unity/getCountryList 304 - - 4.335 ms\n- - Time: Tue Jun 04 2019 16:24:31 GMT+0530 (India Standard Time)","level":"info"}
{"message":"GET /api/unity/getCountryList 304 - - 4.438 ms\n- - Time: Tue Jun 04 2019 16:25:22 GMT+0530 (India Standard Time)","level":"info"}
{"message":"GET /api/unity/getCountryList 304 - - 2.808 ms\n- - Time: Tue Jun 04 2019 16:30:23 GMT+0530 (India Standard Time)","level":"info"}
{"message":"GET /api/unity/getCountryList 304 - - 2.755 ms\n- - Time: Tue Jun 04 2019 16:30:38 GMT+0530 (India Standard Time)","level":"info"}
{"message":"GET /api/unity/getCountryList 304 - - 20.112 ms\n- - Time: Tue Jun 04 2019 16:30:45 GMT+0530 (India Standard Time)","level":"info"}
{"message":"GET /api/unity/getCountryList 304 - - 2.652 ms\n- - Time: Tue Jun 04 2019 16:30:51 GMT+0530 (India Standard Time)","level":"info"}
{"message":"GET /api/unity/getCountryList 304 - - 2.087 ms\n- - Time: Tue Jun 04 2019 16:31:18 GMT+0530 (India Standard Time)","level":"info"}
{"message":"GET /api/unity/getCountryList 304 - - 2.411 ms\n- - Time: Tue Jun 04 2019 16:35:52 GMT+0530 (India Standard Time)","level":"info"}
{"message":"GET /api/unity/getCountryList 304 - - 3.010 ms\n- - Time: Tue Jun 04 2019 16:36:17 GMT+0530 (India Standard Time)","level":"info"}
{"message":"GET /api/unity/getCountryList 304 - - 2.226 ms\n- - Time: Tue Jun 04 2019 16:37:03 GMT+0530 (India Standard Time)","level":"info"}
{"message":"GET /api/unity/getStatesOnCountries/101 304 - - 6.100 ms\n- - Time: Tue Jun 04 2019 16:37:18 GMT+0530 (India Standard Time)","level":"info"}
{"message":"GET /api/unity/getCitiesOnStates/21 304 - - 56.208 ms\n- - Time: Tue Jun 04 2019 16:37:19 GMT+0530 (India Standard Time)","level":"info"}
{"message":"GET /api/unity/getCitiesOnStates/22 304 - - 19.676 ms\n- - Time: Tue Jun 04 2019 16:37:19 GMT+0530 (India Standard Time)","level":"info"}
{"message":"GET /api/unity/getCountryList 304 - - 2.065 ms\n- - Time: Tue Jun 04 2019 16:37:42 GMT+0530 (India Standard Time)","level":"info"}
{"message":"GET /api/unity/getStatesOnCountries/101 304 - - 5.521 ms\n- - Time: Tue Jun 04 2019 16:37:57 GMT+0530 (India Standard Time)","level":"info"}
{"message":"GET /api/unity/getCitiesOnStates/21 304 - - 69.838 ms\n- - Time: Tue Jun 04 2019 16:37:58 GMT+0530 (India Standard Time)","level":"info"}
{"message":"GET /api/unity/getCitiesOnStates/22 304 - - 28.282 ms\n- - Time: Tue Jun 04 2019 16:37:58 GMT+0530 (India Standard Time)","level":"info"}
{"message":"POST /api/unity/SaveHotelDetails/ 200 103 - 99.257 ms\n- - Time: Tue Jun 04 2019 16:38:09 GMT+0530 (India Standard Time)","level":"info"}
{"message":"GET /api/unity/getCountryList 304 - - 4.135 ms\n- - Time: Tue Jun 04 2019 16:40:50 GMT+0530 (India Standard Time)","level":"info"}
{"message":"GET /api/unity/getCountryList 304 - - 2.423 ms\n- - Time: Tue Jun 04 2019 16:41:12 GMT+0530 (India Standard Time)","level":"info"}
{"message":"GET /api/unity/getStatesOnCountries/12 200 27 - 5.175 ms\n- - Time: Tue Jun 04 2019 16:41:31 GMT+0530 (India Standard Time)","level":"info"}
{"message":"GET /api/unity/getCitiesOnStates/244 200 28 - 37.308 ms\n- - Time: Tue Jun 04 2019 16:41:33 GMT+0530 (India Standard Time)","level":"info"}
{"message":"POST /api/unity/SaveHotelDetails/ 200 103 - 66.263 ms\n- - Time: Tue Jun 04 2019 16:41:39 GMT+0530 (India Standard Time)","level":"info"}
