{"message":"GET /api/unity/HotelsList/ 304 - - 12.006 ms\n- - Time: Wed Jun 05 2019 23:31:34 GMT+0530 (India Standard Time)","level":"info"}
{"message":"GET /api/unity/HotelsList/ 200 275 - 18.731 ms\n- - Time: Wed Jun 05 2019 23:32:17 GMT+0530 (India Standard Time)","level":"info"}
{"message":"GET /api/unity/getCountryList 200 7610 - 9.851 ms\n- - Time: Wed Jun 05 2019 23:32:22 GMT+0530 (India Standard Time)","level":"info"}
{"message":"GET /api/unity/getAreaslist/ 200 194 - 4.129 ms\n- - Time: Wed Jun 05 2019 23:32:23 GMT+0530 (India Standard Time)","level":"info"}
{"message":"GET /api/unity/getCountryList 200 7610 - 23.288 ms\n- - Time: Wed Jun 05 2019 23:33:01 GMT+0530 (India Standard Time)","level":"info"}
{"message":"GET /api/unity/getAreaslist/ 200 194 - 8.872 ms\n- - Time: Wed Jun 05 2019 23:33:02 GMT+0530 (India Standard Time)","level":"info"}
{"message":"OPTIONS /api/unity/userAuth/bd83b23ue83b899e2383b2383n238/U889436 200 4 - 1.565 ms\n- - Time: Wed Jun 05 2019 23:33:24 GMT+0530 (India Standard Time)","level":"info"}
{"message":"POST /api/unity/userAuth/bd83b23ue83b899e2383b2383n238/U889436 200 224 - 4.785 ms\n- - Time: Wed Jun 05 2019 23:33:24 GMT+0530 (India Standard Time)","level":"info"}
{"message":"GET /api/unity/getCountryList 200 7610 - 7.152 ms\n- - Time: Wed Jun 05 2019 23:33:29 GMT+0530 (India Standard Time)","level":"info"}
{"message":"GET /api/unity/getAreaslist/ 200 194 - 1.993 ms\n- - Time: Wed Jun 05 2019 23:33:29 GMT+0530 (India Standard Time)","level":"info"}
{"message":"GET /api/unity/getCountryList 200 7610 - 29.776 ms\n- - Time: Wed Jun 05 2019 23:34:10 GMT+0530 (India Standard Time)","level":"info"}
{"message":"GET /api/unity/getAreaslist/ 200 194 - 5.612 ms\n- - Time: Wed Jun 05 2019 23:34:11 GMT+0530 (India Standard Time)","level":"info"}
{"message":"GET /api/unity/HotelsList/ 304 - - 6.222 ms\n- - Time: Wed Jun 05 2019 23:34:23 GMT+0530 (India Standard Time)","level":"info"}
{"message":"GET /api/unity/getHotelDetails/1 200 800 - 9.391 ms\n- - Time: Wed Jun 05 2019 23:34:28 GMT+0530 (India Standard Time)","level":"info"}
{"message":"GET /api/unity/getCountryList 304 - - 15.717 ms\n- - Time: Wed Jun 05 2019 23:34:28 GMT+0530 (India Standard Time)","level":"info"}
{"message":"GET /api/unity/getAreasOnCity/2836 200 29 - 15.696 ms\n- - Time: Wed Jun 05 2019 23:34:29 GMT+0530 (India Standard Time)","level":"info"}
{"message":"GET /api/unity/getStatesOnCountries/101 200 1226 - 160.021 ms\n- - Time: Wed Jun 05 2019 23:34:29 GMT+0530 (India Standard Time)","level":"info"}
{"message":"GET /api/unity/getCitiesOnStates/22 200 12129 - 346.815 ms\n- - Time: Wed Jun 05 2019 23:34:29 GMT+0530 (India Standard Time)","level":"info"}
{"message":"POST /api/unity/SaveHotelDetails/ 200 102 - 104.253 ms\n- - Time: Wed Jun 05 2019 23:35:29 GMT+0530 (India Standard Time)","level":"info"}
{"message":"GET /api/unity/getHotelDetails/0 200 37 - 3.596 ms\n- - Time: Wed Jun 05 2019 23:35:30 GMT+0530 (India Standard Time)","level":"info"}
{"message":"POST /api/unity/SaveHotelRoomDetails/ 200 110 - 44.452 ms\n- - Time: Wed Jun 05 2019 23:35:55 GMT+0530 (India Standard Time)","level":"info"}
{"message":"GET /api/unity/getHotelDetails/1 200 915 - 2.531 ms\n- - Time: Wed Jun 05 2019 23:35:56 GMT+0530 (India Standard Time)","level":"info"}
{"message":"GET /api/unity/getStatesOnCountries/101 304 - - 4.551 ms\n- - Time: Wed Jun 05 2019 23:35:56 GMT+0530 (India Standard Time)","level":"info"}
{"message":"GET /api/unity/getAreasOnCity/2836 304 - - 1.104 ms\n- - Time: Wed Jun 05 2019 23:35:56 GMT+0530 (India Standard Time)","level":"info"}
{"message":"GET /api/unity/getCitiesOnStates/22 304 - - 27.306 ms\n- - Time: Wed Jun 05 2019 23:35:56 GMT+0530 (India Standard Time)","level":"info"}
{"message":"POST /api/unity/SaveHotelRoomDetails/ 200 110 - 108.550 ms\n- - Time: Wed Jun 05 2019 23:36:04 GMT+0530 (India Standard Time)","level":"info"}
{"message":"GET /api/unity/getHotelDetails/1 200 1141 - 2.910 ms\n- - Time: Wed Jun 05 2019 23:36:05 GMT+0530 (India Standard Time)","level":"info"}
{"message":"GET /api/unity/getStatesOnCountries/101 304 - - 5.511 ms\n- - Time: Wed Jun 05 2019 23:36:05 GMT+0530 (India Standard Time)","level":"info"}
{"message":"GET /api/unity/getAreasOnCity/2836 304 - - 3.487 ms\n- - Time: Wed Jun 05 2019 23:36:05 GMT+0530 (India Standard Time)","level":"info"}
{"message":"GET /api/unity/getCitiesOnStates/22 304 - - 31.230 ms\n- - Time: Wed Jun 05 2019 23:36:05 GMT+0530 (India Standard Time)","level":"info"}
{"message":"POST /api/unity/SaveHotelRoomDetails/ 200 110 - 82.936 ms\n- - Time: Wed Jun 05 2019 23:36:08 GMT+0530 (India Standard Time)","level":"info"}
{"message":"GET /api/unity/getHotelDetails/1 200 1142 - 4.315 ms\n- - Time: Wed Jun 05 2019 23:36:10 GMT+0530 (India Standard Time)","level":"info"}
{"message":"GET /api/unity/getAreasOnCity/2836 304 - - 1.844 ms\n- - Time: Wed Jun 05 2019 23:36:10 GMT+0530 (India Standard Time)","level":"info"}
{"message":"GET /api/unity/getStatesOnCountries/101 304 - - 6.636 ms\n- - Time: Wed Jun 05 2019 23:36:10 GMT+0530 (India Standard Time)","level":"info"}
{"message":"GET /api/unity/getCitiesOnStates/22 304 - - 35.668 ms\n- - Time: Wed Jun 05 2019 23:36:10 GMT+0530 (India Standard Time)","level":"info"}
{"message":"GET /api/unity/getHotelDetails/1 304 - - 4.742 ms\n- - Time: Wed Jun 05 2019 23:36:16 GMT+0530 (India Standard Time)","level":"info"}
{"message":"GET /api/unity/getCountryList 304 - - 3.950 ms\n- - Time: Wed Jun 05 2019 23:36:16 GMT+0530 (India Standard Time)","level":"info"}
{"message":"GET /api/unity/getStatesOnCountries/101 304 - - 5.104 ms\n- - Time: Wed Jun 05 2019 23:36:17 GMT+0530 (India Standard Time)","level":"info"}
{"message":"GET /api/unity/getAreasOnCity/2836 304 - - 1.827 ms\n- - Time: Wed Jun 05 2019 23:36:17 GMT+0530 (India Standard Time)","level":"info"}
{"message":"GET /api/unity/getCitiesOnStates/22 304 - - 24.046 ms\n- - Time: Wed Jun 05 2019 23:36:17 GMT+0530 (India Standard Time)","level":"info"}
{"message":"GET /api/unity/deleteRoomDetails/2 200 83 - 62.585 ms\n- - Time: Wed Jun 05 2019 23:36:20 GMT+0530 (India Standard Time)","level":"info"}
{"message":"GET /api/unity/getHotelDetails/1 200 915 - 3.327 ms\n- - Time: Wed Jun 05 2019 23:36:21 GMT+0530 (India Standard Time)","level":"info"}
{"message":"GET /api/unity/getAreasOnCity/2836 304 - - 1.616 ms\n- - Time: Wed Jun 05 2019 23:36:21 GMT+0530 (India Standard Time)","level":"info"}
{"message":"GET /api/unity/getStatesOnCountries/101 304 - - 6.568 ms\n- - Time: Wed Jun 05 2019 23:36:21 GMT+0530 (India Standard Time)","level":"info"}
{"message":"GET /api/unity/getCitiesOnStates/22 304 - - 41.688 ms\n- - Time: Wed Jun 05 2019 23:36:21 GMT+0530 (India Standard Time)","level":"info"}
