{"message":"POST /api/unity/SaveHotelRoomDetails/ 200 110 - 152.666 ms\n- - Time: Tue Jun 04 2019 16:42:53 GMT+0530 (India Standard Time)","level":"info"}
{"message":"GET /api/unity/getCountryList 304 - - 11.598 ms\n- - Time: Tue Jun 04 2019 16:44:05 GMT+0530 (India Standard Time)","level":"info"}
{"message":"GET /api/unity/getCountryList 304 - - 7.387 ms\n- - Time: Tue Jun 04 2019 16:47:40 GMT+0530 (India Standard Time)","level":"info"}
{"message":"GET /api/unity/getStatesOnCountries/13 200 1023 - 7.244 ms\n- - Time: Tue Jun 04 2019 16:47:47 GMT+0530 (India Standard Time)","level":"info"}
{"message":"GET /api/unity/getCitiesOnStates/258 200 34 - 36.302 ms\n- - Time: Tue Jun 04 2019 16:47:48 GMT+0530 (India Standard Time)","level":"info"}
{"message":"POST /api/unity/SaveHotelDetails/ 200 103 - 54.929 ms\n- - Time: Tue Jun 04 2019 16:48:00 GMT+0530 (India Standard Time)","level":"info"}
{"message":"GET /api/unity/getCountryList 304 - - 5.639 ms\n- - Time: Tue Jun 04 2019 16:50:53 GMT+0530 (India Standard Time)","level":"info"}
{"message":"GET /api/unity/HotelsList/ 200 3066 - 4.605 ms\n- - Time: Tue Jun 04 2019 17:09:20 GMT+0530 (India Standard Time)","level":"info"}
{"message":"GET /api/unity/getCountryList 304 - - 5.959 ms\n- - Time: Tue Jun 04 2019 17:09:23 GMT+0530 (India Standard Time)","level":"info"}
{"message":"GET /api/unity/getCountryList 304 - - 6.093 ms\n- - Time: Tue Jun 04 2019 17:11:47 GMT+0530 (India Standard Time)","level":"info"}
{"message":"GET /api/unity/getCountryList 304 - - 6.480 ms\n- - Time: Tue Jun 04 2019 17:12:08 GMT+0530 (India Standard Time)","level":"info"}
{"message":"GET /api/unity/getCountryList 304 - - 7.624 ms\n- - Time: Tue Jun 04 2019 17:12:36 GMT+0530 (India Standard Time)","level":"info"}
{"message":"GET /api/unity/getCountryList 304 - - 3.015 ms\n- - Time: Tue Jun 04 2019 17:12:58 GMT+0530 (India Standard Time)","level":"info"}
{"message":"GET /api/unity/getCountryList 304 - - 3.020 ms\n- - Time: Tue Jun 04 2019 17:13:19 GMT+0530 (India Standard Time)","level":"info"}
{"message":"GET /api/unity/getCountryList 304 - - 5.101 ms\n- - Time: Tue Jun 04 2019 17:13:30 GMT+0530 (India Standard Time)","level":"info"}
{"message":"GET /api/unity/getCountryList 304 - - 3.657 ms\n- - Time: Tue Jun 04 2019 17:15:02 GMT+0530 (India Standard Time)","level":"info"}
{"message":"GET /api/unity/getCountryList 304 - - 5.513 ms\n- - Time: Tue Jun 04 2019 17:15:13 GMT+0530 (India Standard Time)","level":"info"}
{"message":"GET /api/unity/getCountryList 304 - - 2.893 ms\n- - Time: Tue Jun 04 2019 17:24:18 GMT+0530 (India Standard Time)","level":"info"}
{"message":"POST /api/unity/userAuth/bd83b23ue83b899e2383b2383n238/U889436 200 224 - 31.081 ms\n- - Time: Tue Jun 04 2019 17:27:49 GMT+0530 (India Standard Time)","level":"info"}
{"message":"GET /api/unity/HotelsList/ 304 - - 2.910 ms\n- - Time: Tue Jun 04 2019 17:27:54 GMT+0530 (India Standard Time)","level":"info"}
{"message":"GET /api/unity/getCountryList 304 - - 4.836 ms\n- - Time: Tue Jun 04 2019 17:28:08 GMT+0530 (India Standard Time)","level":"info"}
