{"message":"GET /api/unity/getStatesOnCountries/101 304 - - 38.625 ms\n- - Time: Sat Jun 01 2019 18:05:59 GMT+0530 (India Standard Time)","level":"info"}
{"message":"GET /api/unity/getCitiesOnStates/21 304 - - 49.722 ms\n- - Time: Sat Jun 01 2019 18:06:01 GMT+0530 (India Standard Time)","level":"info"}
{"message":"GET /api/unity/getCitiesOnStates/22 304 - - 24.564 ms\n- - Time: Sat Jun 01 2019 18:06:01 GMT+0530 (India Standard Time)","level":"info"}
{"message":"GET /api/unity/getAreasOnCity/2827 200 2 - 5.973 ms\n- - Time: Sat Jun 01 2019 18:06:03 GMT+0530 (India Standard Time)","level":"info"}
{"message":"GET /api/unity/getCountryList 200 7610 - 18.029 ms\n- - Time: Sat Jun 01 2019 18:07:39 GMT+0530 (India Standard Time)","level":"info"}
{"message":"GET /api/unity/getStatesOnCountries/101 304 - - 16.008 ms\n- - Time: Sat Jun 01 2019 18:07:42 GMT+0530 (India Standard Time)","level":"info"}
{"message":"GET /api/unity/getCitiesOnStates/21 304 - - 63.390 ms\n- - Time: Sat Jun 01 2019 18:07:44 GMT+0530 (India Standard Time)","level":"info"}
{"message":"GET /api/unity/getCitiesOnStates/22 304 - - 33.147 ms\n- - Time: Sat Jun 01 2019 18:07:44 GMT+0530 (India Standard Time)","level":"info"}
{"message":"GET /api/unity/getAreasOnCity/2827 304 - - 3.263 ms\n- - Time: Sat Jun 01 2019 18:07:45 GMT+0530 (India Standard Time)","level":"info"}
{"message":"GET /api/unity/getCitiesOnStates/20 200 152 - 47.730 ms\n- - Time: Sat Jun 01 2019 18:07:54 GMT+0530 (India Standard Time)","level":"info"}
{"message":"GET /api/unity/getCitiesOnStates/22 304 - - 59.838 ms\n- - Time: Sat Jun 01 2019 18:07:59 GMT+0530 (India Standard Time)","level":"info"}
{"message":"GET /api/unity/getAreasOnCity/2836 200 28 - 3.628 ms\n- - Time: Sat Jun 01 2019 18:08:03 GMT+0530 (India Standard Time)","level":"info"}
{"message":"GET /api/unity/getCountryList 304 - - 4.027 ms\n- - Time: Sat Jun 01 2019 18:09:01 GMT+0530 (India Standard Time)","level":"info"}
{"message":"GET /api/unity/getCountryList 304 - - 4.223 ms\n- - Time: Sat Jun 01 2019 18:09:13 GMT+0530 (India Standard Time)","level":"info"}
{"message":"GET /api/unity/getCountryList 304 - - 7.371 ms\n- - Time: Sat Jun 01 2019 18:09:37 GMT+0530 (India Standard Time)","level":"info"}
{"message":"GET /api/unity/getStatesOnCountries/101 304 - - 7.508 ms\n- - Time: Sat Jun 01 2019 18:09:41 GMT+0530 (India Standard Time)","level":"info"}
{"message":"GET /api/unity/getCitiesOnStates/21 304 - - 54.048 ms\n- - Time: Sat Jun 01 2019 18:09:43 GMT+0530 (India Standard Time)","level":"info"}
{"message":"GET /api/unity/getCitiesOnStates/22 304 - - 62.020 ms\n- - Time: Sat Jun 01 2019 18:09:43 GMT+0530 (India Standard Time)","level":"info"}
{"message":"GET /api/unity/getAreasOnCity/2827 304 - - 2.802 ms\n- - Time: Sat Jun 01 2019 18:09:45 GMT+0530 (India Standard Time)","level":"info"}
{"message":"GET /api/unity/getAreasOnCity/2836 304 - - 1.274 ms\n- - Time: Sat Jun 01 2019 18:09:45 GMT+0530 (India Standard Time)","level":"info"}
