{"message":"GET /api/unity/getCountryList 304 - - 24.690 ms\n- - Time: Mon Jun 03 2019 17:18:11 GMT+0530 (India Standard Time)","level":"info"}
{"message":"POST /api/unity/userAuth/bd83b23ue83b899e2383b2383n238/U889436 200 224 - 13.962 ms\n- - Time: Mon Jun 03 2019 17:28:15 GMT+0530 (India Standard Time)","level":"info"}
{"message":"GET /api/unity/getCountryList 304 - - 12.558 ms\n- - Time: Mon Jun 03 2019 17:28:21 GMT+0530 (India Standard Time)","level":"info"}
{"message":"GET /api/unity/getCountryList 304 - - 4.347 ms\n- - Time: Mon Jun 03 2019 17:28:48 GMT+0530 (India Standard Time)","level":"info"}
{"message":"GET /api/unity/getCountryList 304 - - 5.748 ms\n- - Time: Mon Jun 03 2019 17:28:57 GMT+0530 (India Standard Time)","level":"info"}
{"message":"GET /api/unity/getCountryList 304 - - 9.769 ms\n- - Time: Mon Jun 03 2019 17:29:17 GMT+0530 (India Standard Time)","level":"info"}
{"message":"GET /api/unity/getCountryList 304 - - 7.195 ms\n- - Time: Mon Jun 03 2019 17:30:48 GMT+0530 (India Standard Time)","level":"info"}
{"message":"GET /api/unity/getCountryList 304 - - 5.654 ms\n- - Time: Mon Jun 03 2019 17:31:27 GMT+0530 (India Standard Time)","level":"info"}
{"message":"GET /api/unity/getCountryList 304 - - 4.901 ms\n- - Time: Mon Jun 03 2019 17:31:40 GMT+0530 (India Standard Time)","level":"info"}
{"message":"GET /api/unity/getCountryList 304 - - 3.067 ms\n- - Time: Mon Jun 03 2019 17:31:55 GMT+0530 (India Standard Time)","level":"info"}
{"message":"GET /api/unity/getCountryList 304 - - 7.072 ms\n- - Time: Mon Jun 03 2019 17:32:13 GMT+0530 (India Standard Time)","level":"info"}
{"message":"GET /api/unity/getCountryList 304 - - 3.305 ms\n- - Time: Mon Jun 03 2019 17:34:01 GMT+0530 (India Standard Time)","level":"info"}
{"message":"GET /api/unity/getCountryList 304 - - 11.744 ms\n- - Time: Mon Jun 03 2019 17:59:34 GMT+0530 (India Standard Time)","level":"info"}
{"message":"GET /api/unity/getCountryList 304 - - 7.009 ms\n- - Time: Mon Jun 03 2019 18:00:21 GMT+0530 (India Standard Time)","level":"info"}
{"message":"GET /api/unity/getCountryList 304 - - 27.583 ms\n- - Time: Mon Jun 03 2019 18:02:19 GMT+0530 (India Standard Time)","level":"info"}
{"message":"GET /api/unity/getCountryList 304 - - 4.396 ms\n- - Time: Mon Jun 03 2019 18:02:33 GMT+0530 (India Standard Time)","level":"info"}
{"message":"GET /api/unity/getCountryList 304 - - 4.744 ms\n- - Time: Mon Jun 03 2019 18:02:44 GMT+0530 (India Standard Time)","level":"info"}
{"message":"POST /api/unity/userAuth/bd83b23ue83b899e2383b2383n238/U889436 200 224 - 3.469 ms\n- - Time: Mon Jun 03 2019 18:02:58 GMT+0530 (India Standard Time)","level":"info"}
{"message":"GET /api/unity/getCountryList 304 - - 19.974 ms\n- - Time: Mon Jun 03 2019 18:03:05 GMT+0530 (India Standard Time)","level":"info"}
{"message":"GET /api/unity/getCountryList 200 7610 - 3.856 ms\n- - Time: Mon Jun 03 2019 18:03:35 GMT+0530 (India Standard Time)","level":"info"}
{"message":"GET /api/unity/getCountryList 304 - - 4.741 ms\n- - Time: Mon Jun 03 2019 18:03:50 GMT+0530 (India Standard Time)","level":"info"}
{"message":"GET /api/unity/getCountryList 304 - - 2.377 ms\n- - Time: Mon Jun 03 2019 18:04:26 GMT+0530 (India Standard Time)","level":"info"}
{"message":"GET /api/unity/getStatesOnCountries/100 304 - - 7.199 ms\n- - Time: Mon Jun 03 2019 18:04:45 GMT+0530 (India Standard Time)","level":"info"}
{"message":"GET /api/unity/getStatesOnCountries/101 304 - - 8.850 ms\n- - Time: Mon Jun 03 2019 18:04:48 GMT+0530 (India Standard Time)","level":"info"}
{"message":"GET /api/unity/getCitiesOnStates/21 304 - - 54.781 ms\n- - Time: Mon Jun 03 2019 18:04:51 GMT+0530 (India Standard Time)","level":"info"}
{"message":"GET /api/unity/getCitiesOnStates/22 304 - - 24.665 ms\n- - Time: Mon Jun 03 2019 18:04:51 GMT+0530 (India Standard Time)","level":"info"}
{"message":"GET /api/unity/getAreasOnCity/2827 304 - - 4.476 ms\n- - Time: Mon Jun 03 2019 18:04:53 GMT+0530 (India Standard Time)","level":"info"}
{"message":"GET /api/unity/getAreasOnCity/2836 304 - - 1.846 ms\n- - Time: Mon Jun 03 2019 18:04:53 GMT+0530 (India Standard Time)","level":"info"}
{"message":"GET /api/unity/getCountryList 304 - - 3.030 ms\n- - Time: Mon Jun 03 2019 18:07:43 GMT+0530 (India Standard Time)","level":"info"}
{"message":"GET /api/unity/getCountryList 304 - - 2.185 ms\n- - Time: Mon Jun 03 2019 18:07:59 GMT+0530 (India Standard Time)","level":"info"}
{"message":"GET /api/unity/getCountryList 304 - - 3.602 ms\n- - Time: Mon Jun 03 2019 18:09:24 GMT+0530 (India Standard Time)","level":"info"}
{"message":"GET /api/unity/getCountryList 304 - - 2.347 ms\n- - Time: Mon Jun 03 2019 18:10:32 GMT+0530 (India Standard Time)","level":"info"}
{"message":"GET /api/unity/getCountryList 304 - - 3.042 ms\n- - Time: Mon Jun 03 2019 18:11:09 GMT+0530 (India Standard Time)","level":"info"}
{"message":"GET /api/unity/getCountryList 304 - - 2.260 ms\n- - Time: Mon Jun 03 2019 18:11:50 GMT+0530 (India Standard Time)","level":"info"}
{"message":"GET /api/unity/getCountryList 304 - - 3.384 ms\n- - Time: Mon Jun 03 2019 18:13:21 GMT+0530 (India Standard Time)","level":"info"}
{"message":"GET /api/unity/getCountryList 304 - - 3.599 ms\n- - Time: Mon Jun 03 2019 18:13:32 GMT+0530 (India Standard Time)","level":"info"}
{"message":"GET /api/unity/getStatesOnCountries/100 304 - - 5.438 ms\n- - Time: Mon Jun 03 2019 18:13:47 GMT+0530 (India Standard Time)","level":"info"}
{"message":"GET /api/unity/getStatesOnCountries/101 304 - - 8.943 ms\n- - Time: Mon Jun 03 2019 18:13:47 GMT+0530 (India Standard Time)","level":"info"}
{"message":"GET /api/unity/getCitiesOnStates/21 304 - - 44.977 ms\n- - Time: Mon Jun 03 2019 18:13:49 GMT+0530 (India Standard Time)","level":"info"}
{"message":"GET /api/unity/getCitiesOnStates/22 304 - - 24.867 ms\n- - Time: Mon Jun 03 2019 18:13:49 GMT+0530 (India Standard Time)","level":"info"}
{"message":"GET /api/unity/getAreasOnCity/2827 304 - - 2.398 ms\n- - Time: Mon Jun 03 2019 18:13:51 GMT+0530 (India Standard Time)","level":"info"}
{"message":"GET /api/unity/getAreasOnCity/2836 304 - - 2.380 ms\n- - Time: Mon Jun 03 2019 18:13:51 GMT+0530 (India Standard Time)","level":"info"}
{"message":"GET /api/unity/getCountryList 304 - - 4.274 ms\n- - Time: Mon Jun 03 2019 18:16:13 GMT+0530 (India Standard Time)","level":"info"}
{"message":"GET /api/unity/getCountryList 304 - - 3.251 ms\n- - Time: Mon Jun 03 2019 18:16:17 GMT+0530 (India Standard Time)","level":"info"}
{"message":"GET /api/unity/getCountryList 304 - - 5.920 ms\n- - Time: Mon Jun 03 2019 18:17:07 GMT+0530 (India Standard Time)","level":"info"}
{"message":"GET /api/unity/getCountryList 304 - - 2.149 ms\n- - Time: Mon Jun 03 2019 18:17:21 GMT+0530 (India Standard Time)","level":"info"}
{"message":"GET /api/unity/getCountryList 304 - - 2.777 ms\n- - Time: Mon Jun 03 2019 18:17:36 GMT+0530 (India Standard Time)","level":"info"}
{"message":"GET /api/unity/getCountryList 304 - - 2.216 ms\n- - Time: Mon Jun 03 2019 18:18:14 GMT+0530 (India Standard Time)","level":"info"}
{"message":"GET /api/unity/getCountryList 304 - - 3.643 ms\n- - Time: Mon Jun 03 2019 18:18:27 GMT+0530 (India Standard Time)","level":"info"}
{"message":"GET /api/unity/getCountryList 304 - - 4.377 ms\n- - Time: Mon Jun 03 2019 18:19:06 GMT+0530 (India Standard Time)","level":"info"}
