{"message":"GET /api/unity/getCountryList 304 - - 66.964 ms\n- - Time: Mon Jun 03 2019 17:04:18 GMT+0530 (India Standard Time)","level":"info"}
{"message":"GET /api/unity/getCountryList 200 75 - 1.272 ms\n- - Time: Mon Jun 03 2019 17:06:09 GMT+0530 (India Standard Time)","level":"info"}
{"message":"GET /api/unity/getCountryList 304 - - 0.886 ms\n- - Time: Mon Jun 03 2019 17:07:59 GMT+0530 (India Standard Time)","level":"info"}
{"message":"GET /api/unity/getCountryList 304 - - 0.397 ms\n- - Time: Mon Jun 03 2019 17:08:49 GMT+0530 (India Standard Time)","level":"info"}
{"message":"GET /api/unity/getCountryList 304 - - 0.557 ms\n- - Time: Mon Jun 03 2019 17:09:00 GMT+0530 (India Standard Time)","level":"info"}
{"message":"GET /api/unity/getCountryList 304 - - 0.382 ms\n- - Time: Mon Jun 03 2019 17:09:11 GMT+0530 (India Standard Time)","level":"info"}
{"message":"POST /api/unity/userAuth/bd83b23ue83b899e2383b2383n238/U889436 200 224 - 19.615 ms\n- - Time: Mon Jun 03 2019 17:09:34 GMT+0530 (India Standard Time)","level":"info"}
{"message":"GET /api/unity/getCountryList 200 7610 - 8.992 ms\n- - Time: Mon Jun 03 2019 17:09:40 GMT+0530 (India Standard Time)","level":"info"}
{"message":"GET /api/unity/getStatesOnCountries/101 304 - - 90.850 ms\n- - Time: Mon Jun 03 2019 17:09:46 GMT+0530 (India Standard Time)","level":"info"}
{"message":"GET /api/unity/getCitiesOnStates/21 304 - - 88.605 ms\n- - Time: Mon Jun 03 2019 17:09:47 GMT+0530 (India Standard Time)","level":"info"}
{"message":"GET /api/unity/getCitiesOnStates/13 304 - - 32.068 ms\n- - Time: Mon Jun 03 2019 17:09:49 GMT+0530 (India Standard Time)","level":"info"}
{"message":"GET /api/unity/getCitiesOnStates/21 304 - - 48.870 ms\n- - Time: Mon Jun 03 2019 17:09:50 GMT+0530 (India Standard Time)","level":"info"}
{"message":"GET /api/unity/getCitiesOnStates/22 304 - - 19.476 ms\n- - Time: Mon Jun 03 2019 17:09:50 GMT+0530 (India Standard Time)","level":"info"}
{"message":"GET /api/unity/getAreasOnCity/2827 304 - - 27.853 ms\n- - Time: Mon Jun 03 2019 17:09:52 GMT+0530 (India Standard Time)","level":"info"}
{"message":"GET /api/unity/getAreasOnCity/2836 304 - - 1.575 ms\n- - Time: Mon Jun 03 2019 17:09:52 GMT+0530 (India Standard Time)","level":"info"}
{"message":"GET /api/unity/getCountryList 304 - - 4.036 ms\n- - Time: Mon Jun 03 2019 17:11:45 GMT+0530 (India Standard Time)","level":"info"}
{"message":"GET /api/unity/getCountryList 304 - - 3.612 ms\n- - Time: Mon Jun 03 2019 17:12:44 GMT+0530 (India Standard Time)","level":"info"}
{"message":"GET /api/unity/getCountryList 304 - - 5.862 ms\n- - Time: Mon Jun 03 2019 17:12:48 GMT+0530 (India Standard Time)","level":"info"}
{"message":"GET /api/unity/getCountryList 304 - - 6.337 ms\n- - Time: Mon Jun 03 2019 17:13:25 GMT+0530 (India Standard Time)","level":"info"}
{"message":"GET /api/unity/getCountryList 304 - - 5.372 ms\n- - Time: Mon Jun 03 2019 17:13:34 GMT+0530 (India Standard Time)","level":"info"}
